# JRE version: Java(TM) SE Runtime Environment (8.0_181-b13) (build 1.8.0_181-b13)
# Java VM: Java HotSpot(TM) 64-Bit Server VM (25.181-b13 mixed mode windows-amd64 compressed oops)
Heap:
 PSYoungGen      total 178176K, used 91860K [0x000000076b180000, 0x000000077b900000, 0x00000007c0000000)
  eden space 139776K, 65% used [0x000000076b180000,0x0000000770b35068,0x0000000773a00000)
  from space 38400K, 0% used [0x0000000776100000,0x0000000776100000,0x0000000778680000)
  to   space 39936K, 0% used [0x0000000773a00000,0x0000000773a00000,0x0000000776100000)
 ParOldGen       total 278016K, used 64682K [0x00000006c1400000, 0x00000006d2380000, 0x000000076b180000)
  object space 278016K, 23% used [0x00000006c1400000,0x00000006c532a990,0x00000006d2380000)
 Metaspace       used 61358K, capacity 62672K, committed 62848K, reserved 1103872K
  class space    used 7431K, capacity 7740K, committed 7808K, reserved 1048576K
GC Heap History (10 events):
Event: 11.053 GC heap before
{Heap before GC invocations=7 (full 2):
 PSYoungGen      total 98816K, used 88064K [0x000000076b180000, 0x0000000771d00000, 0x00000007c0000000)
  eden space 88064K, 100% used [0x000000076b180000,0x0000000770780000,0x0000000770780000)
  from space 10752K, 0% used [0x0000000771200000,0x0000000771200000,0x0000000771c80000)
  to   space 10752K, 0% used [0x0000000770780000,0x0000000770780000,0x0000000771200000)
 ParOldGen       total 221184K, used 34302K [0x00000006c1400000, 0x00000006cec00000, 0x000000076b180000)
  object space 221184K, 15% used [0x00000006c1400000,0x00000006c357faa8,0x00000006cec00000)
 Metaspace       used 45766K, capacity 46680K, committed 47104K, reserved 1089536K
  class space    used 5817K, capacity 6068K, committed 6144K, reserved 1048576K
Event: 11.080 GC heap after
Heap after GC invocations=7 (full 2):
 PSYoungGen      total 98816K, used 10744K [0x000000076b180000, 0x0000000774f00000, 0x00000007c0000000)
  eden space 88064K, 0% used [0x000000076b180000,0x000000076b180000,0x0000000770780000)
  from space 10752K, 99% used [0x0000000770780000,0x00000007711fe1d0,0x0000000771200000)
  to   space 23552K, 0% used [0x0000000773800000,0x0000000773800000,0x0000000774f00000)
 ParOldGen       total 221184K, used 41891K [0x00000006c1400000, 0x00000006cec00000, 0x000000076b180000)
  object space 221184K, 18% used [0x00000006c1400000,0x00000006c3ce8fc0,0x00000006cec00000)
 Metaspace       used 45766K, capacity 46680K, committed 47104K, reserved 1089536K
  class space    used 5817K, capacity 6068K, committed 6144K, reserved 1048576K
}
Event: 15.280 GC heap before
{Heap before GC invocations=8 (full 2):
 PSYoungGen      total 98816K, used 98808K [0x000000076b180000, 0x0000000774f00000, 0x00000007c0000000)
  eden space 88064K, 100% used [0x000000076b180000,0x0000000770780000,0x0000000770780000)
  from space 10752K, 99% used [0x0000000770780000,0x00000007711fe1d0,0x0000000771200000)
  to   space 23552K, 0% used [0x0000000773800000,0x0000000773800000,0x0000000774f00000)
 ParOldGen       total 221184K, used 41891K [0x00000006c1400000, 0x00000006cec00000, 0x000000076b180000)
  object space 221184K, 18% used [0x00000006c1400000,0x00000006c3ce8fc0,0x00000006cec00000)
 Metaspace       used 53815K, capacity 55026K, committed 55296K, reserved 1097728K
  class space    used 6744K, capacity 7043K, committed 7168K, reserved 1048576K
Event: 15.327 GC heap after
Heap after GC invocations=8 (full 2):
 PSYoungGen      total 132096K, used 23527K [0x000000076b180000, 0x0000000775800000, 0x00000007c0000000)
  eden space 108544K, 0% used [0x000000076b180000,0x000000076b180000,0x0000000771b80000)
  from space 23552K, 99% used [0x0000000773800000,0x0000000774ef9d90,0x0000000774f00000)
  to   space 29184K, 0% used [0x0000000771b80000,0x0000000771b80000,0x0000000773800000)
 ParOldGen       total 221184K, used 47909K [0x00000006c1400000, 0x00000006cec00000, 0x000000076b180000)
  object space 221184K, 21% used [0x00000006c1400000,0x00000006c42c9610,0x00000006cec00000)
 Metaspace       used 53815K, capacity 55026K, committed 55296K, reserved 1097728K
  class space    used 6744K, capacity 7043K, committed 7168K, reserved 1048576K
}
Event: 18.295 GC heap before
{Heap before GC invocations=9 (full 2):
 PSYoungGen      total 132096K, used 132071K [0x000000076b180000, 0x0000000775800000, 0x00000007c0000000)
  eden space 108544K, 100% used [0x000000076b180000,0x0000000771b80000,0x0000000771b80000)
  from space 23552K, 99% used [0x0000000773800000,0x0000000774ef9d90,0x0000000774f00000)
  to   space 29184K, 0% used [0x0000000771b80000,0x0000000771b80000,0x0000000773800000)
 ParOldGen       total 221184K, used 47909K [0x00000006c1400000, 0x00000006cec00000, 0x000000076b180000)
  object space 221184K, 21% used [0x00000006c1400000,0x00000006c42c9610,0x00000006cec00000)
 Metaspace       used 57194K, capacity 58444K, committed 58624K, reserved 1099776K
  class space    used 7068K, capacity 7356K, committed 7424K, reserved 1048576K
Event: 18.379 GC heap after
Heap after GC invocations=9 (full 2):
 PSYoungGen      total 137728K, used 29157K [0x000000076b180000, 0x0000000778680000, 0x00000007c0000000)
  eden space 108544K, 0% used [0x000000076b180000,0x000000076b180000,0x0000000771b80000)
  from space 29184K, 99% used [0x0000000771b80000,0x00000007737f95f8,0x0000000773800000)
  to   space 38400K, 0% used [0x0000000776100000,0x0000000776100000,0x0000000778680000)
 ParOldGen       total 221184K, used 58978K [0x00000006c1400000, 0x00000006cec00000, 0x000000076b180000)
  object space 221184K, 26% used [0x00000006c1400000,0x00000006c4d988e8,0x00000006cec00000)
 Metaspace       used 57194K, capacity 58444K, committed 58624K, reserved 1099776K
  class space    used 7068K, capacity 7356K, committed 7424K, reserved 1048576K
}
Event: 18.435 GC heap before
{Heap before GC invocations=10 (full 2):
 PSYoungGen      total 137728K, used 33432K [0x000000076b180000, 0x0000000778680000, 0x00000007c0000000)
  eden space 108544K, 3% used [0x000000076b180000,0x000000076b5acd88,0x0000000771b80000)
  from space 29184K, 99% used [0x0000000771b80000,0x00000007737f95f8,0x0000000773800000)
  to   space 38400K, 0% used [0x0000000776100000,0x0000000776100000,0x0000000778680000)
 ParOldGen       total 221184K, used 58978K [0x00000006c1400000, 0x00000006cec00000, 0x000000076b180000)
  object space 221184K, 26% used [0x00000006c1400000,0x00000006c4d988e8,0x00000006cec00000)
 Metaspace       used 57623K, capacity 58860K, committed 59008K, reserved 1101824K
  class space    used 7158K, capacity 7452K, committed 7552K, reserved 1048576K
Event: 18.487 GC heap after
Heap after GC invocations=10 (full 2):
 PSYoungGen      total 178176K, used 29628K [0x000000076b180000, 0x000000077b900000, 0x00000007c0000000)
  eden space 139776K, 0% used [0x000000076b180000,0x000000076b180000,0x0000000773a00000)
  from space 38400K, 77% used [0x0000000776100000,0x0000000777def148,0x0000000778680000)
  to   space 39936K, 0% used [0x0000000773a00000,0x0000000773a00000,0x0000000776100000)
 ParOldGen       total 221184K, used 58986K [0x00000006c1400000, 0x00000006cec00000, 0x000000076b180000)
  object space 221184K, 26% used [0x00000006c1400000,0x00000006c4d9a8e8,0x00000006cec00000)
 Metaspace       used 57623K, capacity 58860K, committed 59008K, reserved 1101824K
  class space    used 7158K, capacity 7452K, committed 7552K, reserved 1048576K
}
Event: 18.487 GC heap before
{Heap before GC invocations=11 (full 3):
 PSYoungGen      total 178176K, used 29628K [0x000000076b180000, 0x000000077b900000, 0x00000007c0000000)
  eden space 139776K, 0% used [0x000000076b180000,0x000000076b180000,0x0000000773a00000)
  from space 38400K, 77% used [0x0000000776100000,0x0000000777def148,0x0000000778680000)
  to   space 39936K, 0% used [0x0000000773a00000,0x0000000773a00000,0x0000000776100000)
 ParOldGen       total 221184K, used 58986K [0x00000006c1400000, 0x00000006cec00000, 0x000000076b180000)
  object space 221184K, 26% used [0x00000006c1400000,0x00000006c4d9a8e8,0x00000006cec00000)
 Metaspace       used 57623K, capacity 58860K, committed 59008K, reserved 1101824K
  class space    used 7158K, capacity 7452K, committed 7552K, reserved 1048576K
Event: 18.899 GC heap after
Heap after GC invocations=11 (full 3):
 PSYoungGen      total 178176K, used 0K [0x000000076b180000, 0x000000077b900000, 0x00000007c0000000)
  eden space 139776K, 0% used [0x000000076b180000,0x000000076b180000,0x0000000773a00000)
  from space 38400K, 0% used [0x0000000776100000,0x0000000776100000,0x0000000778680000)
  to   space 39936K, 0% used [0x0000000773a00000,0x0000000773a00000,0x0000000776100000)
 ParOldGen       total 278016K, used 64682K [0x00000006c1400000, 0x00000006d2380000, 0x000000076b180000)
  object space 278016K, 23% used [0x00000006c1400000,0x00000006c532a990,0x00000006d2380000)
 Metaspace       used 57623K, capacity 58860K, committed 59008K, reserved 1101824K
  class space    used 7158K, capacity 7452K, committed 7552K, reserved 1048576K
}

